OpenJDK 64-Bit Server VM warning: Option UseConcMarkSweepGC was deprecated in version 9.0 and will likely be removed in a future release.
OpenJDK 64-Bit Server VM warning: Option UseConcMarkSweepGC was deprecated in version 9.0 and will likely be removed in a future release.
2020-05-02 06:06:52,651 [   7863]   WARN - com.intellij.ide.ui.LafManager - List.rowHeight = 0 in IntelliJ; it may lead to performance degradation 
2020-05-02 06:06:52,651 [   7863]   WARN - com.intellij.ide.ui.LafManager - Table.rowHeight = 0 in IntelliJ; it may lead to performance degradation 
2020-05-02 06:06:52,651 [   7863]   WARN - com.intellij.ide.ui.LafManager - Tree.rowHeight = 0 in IntelliJ; it may lead to performance degradation 
2020-05-02 06:07:12,956 [  28168]   WARN - til.ui.update.LazyUiDisposable - use application as a parent disposable 
2020-05-02 06:07:46,881 [  62093]   WARN - tartup.impl.StartupManagerImpl - /home/lenovo/Projects/knowledgebase/.idea 
java.io.FileNotFoundException: /home/lenovo/Projects/knowledgebase/.idea
	at com.intellij.openapi.util.io.FileUtil.isFileSystemCaseSensitive(FileUtil.java:1470)
	at com.intellij.ide.startup.impl.StartupManagerImpl.checkFsSanity(StartupManagerImpl.java:322)
	at com.intellij.ide.startup.impl.StartupManagerImpl.runPostStartupActivities(StartupManagerImpl.java:256)
	at com.intellij.openapi.project.impl.ProjectManagerImpl.lambda$doLoadProject$10(ProjectManagerImpl.java:464)
	at com.intellij.openapi.application.TransactionGuardImpl$2.run(TransactionGuardImpl.java:309)
	at com.intellij.openapi.application.impl.LaterInvocator$FlushQueue.doRun(LaterInvocator.java:441)
	at com.intellij.openapi.application.impl.LaterInvocator$FlushQueue.runNextEvent(LaterInvocator.java:424)
	at com.intellij.openapi.application.impl.LaterInvocator$FlushQueue.run(LaterInvocator.java:407)
	at java.desktop/java.awt.event.InvocationEvent.dispatch(InvocationEvent.java:313)
	at java.desktop/java.awt.EventQueue.dispatchEventImpl(EventQueue.java:776)
	at java.desktop/java.awt.EventQueue$4.run(EventQueue.java:727)
	at java.desktop/java.awt.EventQueue$4.run(EventQueue.java:721)
	at java.base/java.security.AccessController.doPrivileged(Native Method)
	at java.base/java.security.ProtectionDomain$JavaSecurityAccessImpl.doIntersectionPrivilege(ProtectionDomain.java:85)
	at java.desktop/java.awt.EventQueue.dispatchEvent(EventQueue.java:746)
	at com.intellij.ide.IdeEventQueue.defaultDispatchEvent(IdeEventQueue.java:908)
	at com.intellij.ide.IdeEventQueue._dispatchEvent(IdeEventQueue.java:781)
	at com.intellij.ide.IdeEventQueue.lambda$dispatchEvent$8(IdeEventQueue.java:424)
	at com.intellij.openapi.progress.impl.CoreProgressManager.computePrioritized(CoreProgressManager.java:698)
	at com.intellij.ide.IdeEventQueue.dispatchEvent(IdeEventQueue.java:423)
	at java.desktop/java.awt.EventDispatchThread.pumpOneEventForFilters(EventDispatchThread.java:203)
	at java.desktop/java.awt.EventDispatchThread.pumpEventsForFilter(EventDispatchThread.java:124)
	at java.desktop/java.awt.EventDispatchThread.pumpEventsForHierarchy(EventDispatchThread.java:113)
	at java.desktop/java.awt.EventDispatchThread.pumpEvents(EventDispatchThread.java:109)
	at java.desktop/java.awt.EventDispatchThread.pumpEvents(EventDispatchThread.java:101)
	at java.desktop/java.awt.EventDispatchThread.run(EventDispatchThread.java:90)
2020-05-02 06:29:48,742 [1383954]   WARN - tartup.impl.StartupManagerImpl - /home/lenovo/knowledge_blog/knowledgegate/.idea 
java.io.FileNotFoundException: /home/lenovo/knowledge_blog/knowledgegate/.idea
	at com.intellij.openapi.util.io.FileUtil.isFileSystemCaseSensitive(FileUtil.java:1470)
	at com.intellij.ide.startup.impl.StartupManagerImpl.checkFsSanity(StartupManagerImpl.java:322)
	at com.intellij.ide.startup.impl.StartupManagerImpl.runPostStartupActivities(StartupManagerImpl.java:256)
	at com.intellij.openapi.project.impl.ProjectManagerImpl.lambda$doLoadProject$10(ProjectManagerImpl.java:464)
	at com.intellij.openapi.application.TransactionGuardImpl$2.run(TransactionGuardImpl.java:309)
	at com.intellij.openapi.application.impl.LaterInvocator$FlushQueue.doRun(LaterInvocator.java:441)
	at com.intellij.openapi.application.impl.LaterInvocator$FlushQueue.runNextEvent(LaterInvocator.java:424)
	at com.intellij.openapi.application.impl.LaterInvocator$FlushQueue.run(LaterInvocator.java:407)
	at java.desktop/java.awt.event.InvocationEvent.dispatch(InvocationEvent.java:313)
	at java.desktop/java.awt.EventQueue.dispatchEventImpl(EventQueue.java:776)
	at java.desktop/java.awt.EventQueue$4.run(EventQueue.java:727)
	at java.desktop/java.awt.EventQueue$4.run(EventQueue.java:721)
	at java.base/java.security.AccessController.doPrivileged(Native Method)
	at java.base/java.security.ProtectionDomain$JavaSecurityAccessImpl.doIntersectionPrivilege(ProtectionDomain.java:85)
	at java.desktop/java.awt.EventQueue.dispatchEvent(EventQueue.java:746)
	at com.intellij.ide.IdeEventQueue.defaultDispatchEvent(IdeEventQueue.java:908)
	at com.intellij.ide.IdeEventQueue._dispatchEvent(IdeEventQueue.java:781)
	at com.intellij.ide.IdeEventQueue.lambda$dispatchEvent$8(IdeEventQueue.java:424)
	at com.intellij.openapi.progress.impl.CoreProgressManager.computePrioritized(CoreProgressManager.java:698)
	at com.intellij.ide.IdeEventQueue.dispatchEvent(IdeEventQueue.java:423)
	at java.desktop/java.awt.EventDispatchThread.pumpOneEventForFilters(EventDispatchThread.java:203)
	at java.desktop/java.awt.EventDispatchThread.pumpEventsForFilter(EventDispatchThread.java:124)
	at java.desktop/java.awt.EventDispatchThread.pumpEventsForHierarchy(EventDispatchThread.java:113)
	at java.desktop/java.awt.EventDispatchThread.pumpEvents(EventDispatchThread.java:109)
	at java.desktop/java.awt.EventDispatchThread.pumpEvents(EventDispatchThread.java:101)
	at java.desktop/java.awt.EventDispatchThread.run(EventDispatchThread.java:90)
2020-05-02 06:30:05,443 [1400655]   WARN - .skeletons.PySkeletonRefresher - Some skeletons failed to generate 
2020-05-02 06:30:05,443 [1400655]   WARN - .skeletons.PySkeletonRefresher - Crypto.Cipher._AES 
2020-05-02 06:30:05,443 [1400655]   WARN - .skeletons.PySkeletonRefresher - Crypto.Cipher._ARC2 
2020-05-02 06:30:05,443 [1400655]   WARN - .skeletons.PySkeletonRefresher - Crypto.Cipher._ARC4 
2020-05-02 06:30:05,443 [1400655]   WARN - .skeletons.PySkeletonRefresher - Crypto.Cipher._Blowfish 
2020-05-02 06:30:05,443 [1400655]   WARN - .skeletons.PySkeletonRefresher - Crypto.Cipher._CAST 
2020-05-02 06:30:05,443 [1400655]   WARN - .skeletons.PySkeletonRefresher - Crypto.Cipher._DES 
2020-05-02 06:30:05,444 [1400656]   WARN - .skeletons.PySkeletonRefresher - Crypto.Cipher._DES3 
2020-05-02 06:30:05,444 [1400656]   WARN - .skeletons.PySkeletonRefresher - Crypto.Cipher._XOR 
2020-05-02 06:30:05,444 [1400656]   WARN - .skeletons.PySkeletonRefresher - Crypto.Hash._MD2 
2020-05-02 06:30:05,444 [1400656]   WARN - .skeletons.PySkeletonRefresher - Crypto.Hash._MD4 
2020-05-02 06:30:05,444 [1400656]   WARN - .skeletons.PySkeletonRefresher - Crypto.Hash._RIPEMD160 
2020-05-02 06:30:05,444 [1400656]   WARN - .skeletons.PySkeletonRefresher - Crypto.Hash._SHA224 
2020-05-02 06:30:05,444 [1400656]   WARN - .skeletons.PySkeletonRefresher - Crypto.Hash._SHA256 
2020-05-02 06:30:05,444 [1400656]   WARN - .skeletons.PySkeletonRefresher - Crypto.Hash._SHA384 
2020-05-02 06:30:05,444 [1400656]   WARN - .skeletons.PySkeletonRefresher - Crypto.Hash._SHA512 
2020-05-02 06:30:05,444 [1400656]   WARN - .skeletons.PySkeletonRefresher - Crypto.PublicKey._fastmath 
2020-05-02 06:30:05,444 [1400656]   WARN - .skeletons.PySkeletonRefresher - Crypto.Util._counter 
2020-05-02 06:30:05,444 [1400656]   WARN - .skeletons.PySkeletonRefresher - Crypto.Util.strxor 
2020-05-02 06:30:05,444 [1400656]   WARN - .skeletons.PySkeletonRefresher - PIL._imaging 
2020-05-02 06:30:05,444 [1400656]   WARN - .skeletons.PySkeletonRefresher - PIL._imagingcms 
2020-05-02 06:30:05,444 [1400656]   WARN - .skeletons.PySkeletonRefresher - PIL._imagingft 
2020-05-02 06:30:05,444 [1400656]   WARN - .skeletons.PySkeletonRefresher - PIL._imagingmath 
2020-05-02 06:30:05,444 [1400656]   WARN - .skeletons.PySkeletonRefresher - PIL._imagingmorph 
2020-05-02 06:30:05,444 [1400656]   WARN - .skeletons.PySkeletonRefresher - PIL._webp 
2020-05-02 06:30:05,444 [1400656]   WARN - .skeletons.PySkeletonRefresher - _cffi_backend 
2020-05-02 06:30:05,444 [1400656]   WARN - .skeletons.PySkeletonRefresher - _dbus_bindings 
2020-05-02 06:30:05,444 [1400656]   WARN - .skeletons.PySkeletonRefresher - _dbus_glib_bindings 
2020-05-02 06:30:05,444 [1400656]   WARN - .skeletons.PySkeletonRefresher - _yaml 
2020-05-02 06:30:05,444 [1400656]   WARN - .skeletons.PySkeletonRefresher - apt_inst 
2020-05-02 06:30:05,444 [1400656]   WARN - .skeletons.PySkeletonRefresher - apt_pkg 
2020-05-02 06:30:05,444 [1400656]   WARN - .skeletons.PySkeletonRefresher - brlapi 
2020-05-02 06:30:05,444 [1400656]   WARN - .skeletons.PySkeletonRefresher - cairo._cairo 
2020-05-02 06:30:05,444 [1400656]   WARN - .skeletons.PySkeletonRefresher - cryptography.hazmat.bindings._constant_time 
2020-05-02 06:30:05,444 [1400656]   WARN - .skeletons.PySkeletonRefresher - cryptography.hazmat.bindings._openssl 
2020-05-02 06:30:05,444 [1400656]   WARN - .skeletons.PySkeletonRefresher - cryptography.hazmat.bindings._padding 
2020-05-02 06:30:05,444 [1400656]   WARN - .skeletons.PySkeletonRefresher - cups 
2020-05-02 06:30:05,444 [1400656]   WARN - .skeletons.PySkeletonRefresher - cupsext 
2020-05-02 06:30:05,444 [1400656]   WARN - .skeletons.PySkeletonRefresher - gi._gi 
2020-05-02 06:30:05,444 [1400656]   WARN - .skeletons.PySkeletonRefresher - gi._gi_cairo 
2020-05-02 06:30:05,444 [1400656]   WARN - .skeletons.PySkeletonRefresher - google.protobuf.internal._api_implementation 
2020-05-02 06:30:05,444 [1400656]   WARN - .skeletons.PySkeletonRefresher - google.protobuf.pyext._message 
2020-05-02 06:30:05,444 [1400656]   WARN - .skeletons.PySkeletonRefresher - hpmudext 
2020-05-02 06:30:05,444 [1400656]   WARN - .skeletons.PySkeletonRefresher - markupsafe._speedups 
2020-05-02 06:30:05,444 [1400656]   WARN - .skeletons.PySkeletonRefresher - nacl._sodium 
2020-05-02 06:30:05,444 [1400656]   WARN - .skeletons.PySkeletonRefresher - netifaces 
2020-05-02 06:30:05,444 [1400656]   WARN - .skeletons.PySkeletonRefresher - pcardext 
2020-05-02 06:30:05,444 [1400656]   WARN - .skeletons.PySkeletonRefresher - reportlab.graphics._renderPM 
2020-05-02 06:30:05,444 [1400656]   WARN - .skeletons.PySkeletonRefresher - reportlab.lib._rl_accel 
2020-05-02 06:30:05,444 [1400656]   WARN - .skeletons.PySkeletonRefresher - scanext 
2020-05-02 06:30:05,444 [1400656]   WARN - .skeletons.PySkeletonRefresher - simplejson._speedups 
2020-05-02 06:30:05,444 [1400656]   WARN - .skeletons.PySkeletonRefresher - systemd._daemon 
2020-05-02 06:30:05,444 [1400656]   WARN - .skeletons.PySkeletonRefresher - systemd._journal 
2020-05-02 06:30:05,444 [1400656]   WARN - .skeletons.PySkeletonRefresher - systemd._reader 
2020-05-02 06:30:05,444 [1400656]   WARN - .skeletons.PySkeletonRefresher - systemd.id128 
2020-05-02 06:30:05,444 [1400656]   WARN - .skeletons.PySkeletonRefresher - systemd.login 
2020-05-02 06:30:05,444 [1400656]   WARN - .skeletons.PySkeletonRefresher - zope.interface._zope_interface_coptimizations 
2020-05-02 06:30:06,551 [1401763]   WARN - .skeletons.PySkeletonRefresher - Some skeletons failed to generate 
2020-05-02 06:30:06,552 [1401764]   WARN - .skeletons.PySkeletonRefresher - Crypto.Cipher._AES 
2020-05-02 06:30:06,552 [1401764]   WARN - .skeletons.PySkeletonRefresher - Crypto.Cipher._ARC2 
2020-05-02 06:30:06,552 [1401764]   WARN - .skeletons.PySkeletonRefresher - Crypto.Cipher._ARC4 
2020-05-02 06:30:06,552 [1401764]   WARN - .skeletons.PySkeletonRefresher - Crypto.Cipher._Blowfish 
2020-05-02 06:30:06,552 [1401764]   WARN - .skeletons.PySkeletonRefresher - Crypto.Cipher._CAST 
2020-05-02 06:30:06,552 [1401764]   WARN - .skeletons.PySkeletonRefresher - Crypto.Cipher._DES 
2020-05-02 06:30:06,552 [1401764]   WARN - .skeletons.PySkeletonRefresher - Crypto.Cipher._DES3 
2020-05-02 06:30:06,552 [1401764]   WARN - .skeletons.PySkeletonRefresher - Crypto.Cipher._XOR 
2020-05-02 06:30:06,552 [1401764]   WARN - .skeletons.PySkeletonRefresher - Crypto.Hash._MD2 
2020-05-02 06:30:06,552 [1401764]   WARN - .skeletons.PySkeletonRefresher - Crypto.Hash._MD4 
2020-05-02 06:30:06,552 [1401764]   WARN - .skeletons.PySkeletonRefresher - Crypto.Hash._RIPEMD160 
2020-05-02 06:30:06,552 [1401764]   WARN - .skeletons.PySkeletonRefresher - Crypto.Hash._SHA224 
2020-05-02 06:30:06,552 [1401764]   WARN - .skeletons.PySkeletonRefresher - Crypto.Hash._SHA256 
2020-05-02 06:30:06,552 [1401764]   WARN - .skeletons.PySkeletonRefresher - Crypto.Hash._SHA384 
2020-05-02 06:30:06,552 [1401764]   WARN - .skeletons.PySkeletonRefresher - Crypto.Hash._SHA512 
2020-05-02 06:30:06,552 [1401764]   WARN - .skeletons.PySkeletonRefresher - Crypto.PublicKey._fastmath 
2020-05-02 06:30:06,552 [1401764]   WARN - .skeletons.PySkeletonRefresher - Crypto.Util._counter 
2020-05-02 06:30:06,552 [1401764]   WARN - .skeletons.PySkeletonRefresher - Crypto.Util.strxor 
2020-05-02 06:30:06,552 [1401764]   WARN - .skeletons.PySkeletonRefresher - PIL._imaging 
2020-05-02 06:30:06,552 [1401764]   WARN - .skeletons.PySkeletonRefresher - PIL._imagingcms 
2020-05-02 06:30:06,552 [1401764]   WARN - .skeletons.PySkeletonRefresher - PIL._imagingft 
2020-05-02 06:30:06,552 [1401764]   WARN - .skeletons.PySkeletonRefresher - PIL._imagingmath 
2020-05-02 06:30:06,552 [1401764]   WARN - .skeletons.PySkeletonRefresher - PIL._imagingmorph 
2020-05-02 06:30:06,552 [1401764]   WARN - .skeletons.PySkeletonRefresher - PIL._webp 
2020-05-02 06:30:06,552 [1401764]   WARN - .skeletons.PySkeletonRefresher - _cffi_backend 
2020-05-02 06:30:06,552 [1401764]   WARN - .skeletons.PySkeletonRefresher - _dbus_bindings 
2020-05-02 06:30:06,552 [1401764]   WARN - .skeletons.PySkeletonRefresher - _dbus_glib_bindings 
2020-05-02 06:30:06,552 [1401764]   WARN - .skeletons.PySkeletonRefresher - _yaml 
2020-05-02 06:30:06,552 [1401764]   WARN - .skeletons.PySkeletonRefresher - apt_inst 
2020-05-02 06:30:06,552 [1401764]   WARN - .skeletons.PySkeletonRefresher - apt_pkg 
2020-05-02 06:30:06,552 [1401764]   WARN - .skeletons.PySkeletonRefresher - brlapi 
2020-05-02 06:30:06,552 [1401764]   WARN - .skeletons.PySkeletonRefresher - cairo._cairo 
2020-05-02 06:30:06,552 [1401764]   WARN - .skeletons.PySkeletonRefresher - cryptography.hazmat.bindings._constant_time 
2020-05-02 06:30:06,552 [1401764]   WARN - .skeletons.PySkeletonRefresher - cryptography.hazmat.bindings._openssl 
2020-05-02 06:30:06,552 [1401764]   WARN - .skeletons.PySkeletonRefresher - cryptography.hazmat.bindings._padding 
2020-05-02 06:30:06,552 [1401764]   WARN - .skeletons.PySkeletonRefresher - cups 
2020-05-02 06:30:06,552 [1401764]   WARN - .skeletons.PySkeletonRefresher - cupsext 
2020-05-02 06:30:06,552 [1401764]   WARN - .skeletons.PySkeletonRefresher - gi._gi 
2020-05-02 06:30:06,552 [1401764]   WARN - .skeletons.PySkeletonRefresher - gi._gi_cairo 
2020-05-02 06:30:06,552 [1401764]   WARN - .skeletons.PySkeletonRefresher - google.protobuf.internal._api_implementation 
2020-05-02 06:30:06,552 [1401764]   WARN - .skeletons.PySkeletonRefresher - google.protobuf.pyext._message 
2020-05-02 06:30:06,552 [1401764]   WARN - .skeletons.PySkeletonRefresher - hpmudext 
2020-05-02 06:30:06,552 [1401764]   WARN - .skeletons.PySkeletonRefresher - markupsafe._speedups 
2020-05-02 06:30:06,552 [1401764]   WARN - .skeletons.PySkeletonRefresher - nacl._sodium 
2020-05-02 06:30:06,552 [1401764]   WARN - .skeletons.PySkeletonRefresher - netifaces 
2020-05-02 06:30:06,552 [1401764]   WARN - .skeletons.PySkeletonRefresher - pcardext 
2020-05-02 06:30:06,552 [1401764]   WARN - .skeletons.PySkeletonRefresher - reportlab.graphics._renderPM 
2020-05-02 06:30:06,552 [1401764]   WARN - .skeletons.PySkeletonRefresher - reportlab.lib._rl_accel 
2020-05-02 06:30:06,552 [1401764]   WARN - .skeletons.PySkeletonRefresher - scanext 
2020-05-02 06:30:06,552 [1401764]   WARN - .skeletons.PySkeletonRefresher - simplejson._speedups 
2020-05-02 06:30:06,552 [1401764]   WARN - .skeletons.PySkeletonRefresher - systemd._daemon 
2020-05-02 06:30:06,552 [1401764]   WARN - .skeletons.PySkeletonRefresher - systemd._journal 
2020-05-02 06:30:06,552 [1401764]   WARN - .skeletons.PySkeletonRefresher - systemd._reader 
2020-05-02 06:30:06,552 [1401764]   WARN - .skeletons.PySkeletonRefresher - systemd.id128 
2020-05-02 06:30:06,552 [1401764]   WARN - .skeletons.PySkeletonRefresher - systemd.login 
2020-05-02 06:30:06,552 [1401764]   WARN - .skeletons.PySkeletonRefresher - zope.interface._zope_interface_coptimizations 
2020-05-02 07:08:59,763 [3734975]   WARN - ystem.impl.ActionPopupMenuImpl - 1127ms to fill popup menu ProjectViewPopup 
2020-05-02 08:37:44,922 [9060134]   WARN - .diagnostic.PerformanceWatcher - UI freezed for 72091ms, details saved to /home/lenovo/.PyCharmCE2019.3/system/log/threadDumps-freeze-20200502-083632-PC-193.6911.25-X11InputMethodBase.setCompositionEnabledNative-72sec 
2020-05-02 17:41:34,924 [41690136]   WARN - .diagnostic.PerformanceWatcher - UI freezed for 9072ms, details saved to /home/lenovo/.PyCharmCE2019.3/system/log/threadDumps-freeze-20200502-174125-PC-193.6911.25-X11InputMethodBase.setCompositionEnabledNative-9sec 
2020-05-02 18:53:04,362 [45979574]   WARN - .diagnostic.PerformanceWatcher - UI freezed for 7154ms, details saved to /home/lenovo/.PyCharmCE2019.3/system/log/threadDumps-freeze-20200502-185257-PC-193.6911.25-XRBackendNative.XRenderRectanglesNative-7sec 
2020-05-02 18:56:59,084 [46214296]   WARN - .diagnostic.PerformanceWatcher - UI freezed for 11441ms, details saved to /home/lenovo/.PyCharmCE2019.3/system/log/threadDumps-freeze-20200502-185647-PC-193.6911.25-X11InputMethodBase.setCompositionEnabledNative-11sec 
2020-05-02 21:12:23,847 [54339059]   WARN - .skeletons.PySkeletonRefresher - Some skeletons failed to generate 
2020-05-02 21:12:23,847 [54339059]   WARN - .skeletons.PySkeletonRefresher - Crypto.Cipher._AES 
2020-05-02 21:12:23,847 [54339059]   WARN - .skeletons.PySkeletonRefresher - Crypto.Cipher._ARC2 
2020-05-02 21:12:23,847 [54339059]   WARN - .skeletons.PySkeletonRefresher - Crypto.Cipher._ARC4 
2020-05-02 21:12:23,847 [54339059]   WARN - .skeletons.PySkeletonRefresher - Crypto.Cipher._Blowfish 
2020-05-02 21:12:23,847 [54339059]   WARN - .skeletons.PySkeletonRefresher - Crypto.Cipher._CAST 
2020-05-02 21:12:23,847 [54339059]   WARN - .skeletons.PySkeletonRefresher - Crypto.Cipher._DES 
2020-05-02 21:12:23,847 [54339059]   WARN - .skeletons.PySkeletonRefresher - Crypto.Cipher._DES3 
2020-05-02 21:12:23,847 [54339059]   WARN - .skeletons.PySkeletonRefresher - Crypto.Cipher._XOR 
2020-05-02 21:12:23,847 [54339059]   WARN - .skeletons.PySkeletonRefresher - Crypto.Hash._MD2 
2020-05-02 21:12:23,847 [54339059]   WARN - .skeletons.PySkeletonRefresher - Crypto.Hash._MD4 
2020-05-02 21:12:23,847 [54339059]   WARN - .skeletons.PySkeletonRefresher - Crypto.Hash._RIPEMD160 
2020-05-02 21:12:23,847 [54339059]   WARN - .skeletons.PySkeletonRefresher - Crypto.Hash._SHA224 
2020-05-02 21:12:23,847 [54339059]   WARN - .skeletons.PySkeletonRefresher - Crypto.Hash._SHA256 
2020-05-02 21:12:23,847 [54339059]   WARN - .skeletons.PySkeletonRefresher - Crypto.Hash._SHA384 
2020-05-02 21:12:23,847 [54339059]   WARN - .skeletons.PySkeletonRefresher - Crypto.Hash._SHA512 
2020-05-02 21:12:23,847 [54339059]   WARN - .skeletons.PySkeletonRefresher - Crypto.PublicKey._fastmath 
2020-05-02 21:12:23,847 [54339059]   WARN - .skeletons.PySkeletonRefresher - Crypto.Util._counter 
2020-05-02 21:12:23,847 [54339059]   WARN - .skeletons.PySkeletonRefresher - Crypto.Util.strxor 
2020-05-02 21:12:23,847 [54339059]   WARN - .skeletons.PySkeletonRefresher - PIL._imaging 
2020-05-02 21:12:23,847 [54339059]   WARN - .skeletons.PySkeletonRefresher - PIL._imagingcms 
2020-05-02 21:12:23,847 [54339059]   WARN - .skeletons.PySkeletonRefresher - PIL._imagingft 
2020-05-02 21:12:23,847 [54339059]   WARN - .skeletons.PySkeletonRefresher - PIL._imagingmath 
2020-05-02 21:12:23,847 [54339059]   WARN - .skeletons.PySkeletonRefresher - PIL._imagingmorph 
2020-05-02 21:12:23,847 [54339059]   WARN - .skeletons.PySkeletonRefresher - PIL._webp 
2020-05-02 21:12:23,847 [54339059]   WARN - .skeletons.PySkeletonRefresher - _cffi_backend 
2020-05-02 21:12:23,847 [54339059]   WARN - .skeletons.PySkeletonRefresher - _dbus_bindings 
2020-05-02 21:12:23,847 [54339059]   WARN - .skeletons.PySkeletonRefresher - _dbus_glib_bindings 
2020-05-02 21:12:23,848 [54339060]   WARN - .skeletons.PySkeletonRefresher - _yaml 
2020-05-02 21:12:23,848 [54339060]   WARN - .skeletons.PySkeletonRefresher - apt_inst 
2020-05-02 21:12:23,848 [54339060]   WARN - .skeletons.PySkeletonRefresher - apt_pkg 
2020-05-02 21:12:23,848 [54339060]   WARN - .skeletons.PySkeletonRefresher - brlapi 
2020-05-02 21:12:23,848 [54339060]   WARN - .skeletons.PySkeletonRefresher - cairo._cairo 
2020-05-02 21:12:23,848 [54339060]   WARN - .skeletons.PySkeletonRefresher - cryptography.hazmat.bindings._constant_time 
2020-05-02 21:12:23,848 [54339060]   WARN - .skeletons.PySkeletonRefresher - cryptography.hazmat.bindings._openssl 
2020-05-02 21:12:23,848 [54339060]   WARN - .skeletons.PySkeletonRefresher - cryptography.hazmat.bindings._padding 
2020-05-02 21:12:23,848 [54339060]   WARN - .skeletons.PySkeletonRefresher - cups 
2020-05-02 21:12:23,848 [54339060]   WARN - .skeletons.PySkeletonRefresher - cupsext 
2020-05-02 21:12:23,848 [54339060]   WARN - .skeletons.PySkeletonRefresher - gi._gi 
2020-05-02 21:12:23,848 [54339060]   WARN - .skeletons.PySkeletonRefresher - gi._gi_cairo 
2020-05-02 21:12:23,848 [54339060]   WARN - .skeletons.PySkeletonRefresher - google.protobuf.internal._api_implementation 
2020-05-02 21:12:23,848 [54339060]   WARN - .skeletons.PySkeletonRefresher - google.protobuf.pyext._message 
2020-05-02 21:12:23,848 [54339060]   WARN - .skeletons.PySkeletonRefresher - hpmudext 
2020-05-02 21:12:23,848 [54339060]   WARN - .skeletons.PySkeletonRefresher - markupsafe._speedups 
2020-05-02 21:12:23,848 [54339060]   WARN - .skeletons.PySkeletonRefresher - nacl._sodium 
2020-05-02 21:12:23,848 [54339060]   WARN - .skeletons.PySkeletonRefresher - netifaces 
2020-05-02 21:12:23,848 [54339060]   WARN - .skeletons.PySkeletonRefresher - pcardext 
2020-05-02 21:12:23,848 [54339060]   WARN - .skeletons.PySkeletonRefresher - reportlab.graphics._renderPM 
2020-05-02 21:12:23,848 [54339060]   WARN - .skeletons.PySkeletonRefresher - reportlab.lib._rl_accel 
2020-05-02 21:12:23,848 [54339060]   WARN - .skeletons.PySkeletonRefresher - scanext 
2020-05-02 21:12:23,848 [54339060]   WARN - .skeletons.PySkeletonRefresher - simplejson._speedups 
2020-05-02 21:12:23,848 [54339060]   WARN - .skeletons.PySkeletonRefresher - systemd._daemon 
2020-05-02 21:12:23,848 [54339060]   WARN - .skeletons.PySkeletonRefresher - systemd._journal 
2020-05-02 21:12:23,848 [54339060]   WARN - .skeletons.PySkeletonRefresher - systemd._reader 
2020-05-02 21:12:23,848 [54339060]   WARN - .skeletons.PySkeletonRefresher - systemd.id128 
2020-05-02 21:12:23,848 [54339060]   WARN - .skeletons.PySkeletonRefresher - systemd.login 
2020-05-02 21:12:23,848 [54339060]   WARN - .skeletons.PySkeletonRefresher - zope.interface._zope_interface_coptimizations 
2020-05-02 21:12:46,108 [54361320]   WARN - .diagnostic.PerformanceWatcher - UI freezed for 7361ms, details saved to /home/lenovo/.PyCharmCE2019.3/system/log/threadDumps-freeze-20200502-211238-PC-193.6911.25-XRBackendNative.XRenderRectanglesNative-7sec 
2020-05-02 21:36:16,312 [55771524]   WARN - .diagnostic.PerformanceWatcher - UI freezed for 10512ms, details saved to /home/lenovo/.PyCharmCE2019.3/system/log/threadDumps-freeze-20200502-213605-PC-193.6911.25-X11InputMethodBase.setCompositionEnabledNative-10sec 
OpenJDK 64-Bit Server VM warning: Option UseConcMarkSweepGC was deprecated in version 9.0 and will likely be removed in a future release.
2020-05-03 14:56:25,291 [   6574]   WARN - com.intellij.ide.ui.LafManager - List.rowHeight = 0 in IntelliJ; it may lead to performance degradation 
2020-05-03 14:56:25,292 [   6575]   WARN - com.intellij.ide.ui.LafManager - Table.rowHeight = 0 in IntelliJ; it may lead to performance degradation 
2020-05-03 14:56:25,292 [   6575]   WARN - com.intellij.ide.ui.LafManager - Tree.rowHeight = 0 in IntelliJ; it may lead to performance degradation 
2020-05-03 14:56:31,857 [  13140]   WARN - .diagnostic.PerformanceWatcher - UI freezed for 5123ms, details saved to /home/lenovo/.PyCharmCE2019.3/system/log/threadDumps-freeze-20200503-145626-PC-193.6911.25-RandomAccessFile.readBytes-5sec 
2020-05-03 14:57:22,161 [  63444]   WARN - .skeletons.PySkeletonRefresher - Some skeletons failed to generate 
2020-05-03 14:57:22,161 [  63444]   WARN - .skeletons.PySkeletonRefresher - Crypto.Cipher._AES 
2020-05-03 14:57:22,162 [  63445]   WARN - .skeletons.PySkeletonRefresher - Crypto.Cipher._ARC2 
2020-05-03 14:57:22,162 [  63445]   WARN - .skeletons.PySkeletonRefresher - Crypto.Cipher._ARC4 
2020-05-03 14:57:22,162 [  63445]   WARN - .skeletons.PySkeletonRefresher - Crypto.Cipher._Blowfish 
2020-05-03 14:57:22,162 [  63445]   WARN - .skeletons.PySkeletonRefresher - Crypto.Cipher._CAST 
2020-05-03 14:57:22,162 [  63445]   WARN - .skeletons.PySkeletonRefresher - Crypto.Cipher._DES 
2020-05-03 14:57:22,162 [  63445]   WARN - .skeletons.PySkeletonRefresher - Crypto.Cipher._DES3 
2020-05-03 14:57:22,162 [  63445]   WARN - .skeletons.PySkeletonRefresher - Crypto.Cipher._XOR 
2020-05-03 14:57:22,163 [  63446]   WARN - .skeletons.PySkeletonRefresher - Crypto.Hash._MD2 
2020-05-03 14:57:22,163 [  63446]   WARN - .skeletons.PySkeletonRefresher - Crypto.Hash._MD4 
2020-05-03 14:57:22,163 [  63446]   WARN - .skeletons.PySkeletonRefresher - Crypto.Hash._RIPEMD160 
2020-05-03 14:57:22,163 [  63446]   WARN - .skeletons.PySkeletonRefresher - Crypto.Hash._SHA224 
2020-05-03 14:57:22,163 [  63446]   WARN - .skeletons.PySkeletonRefresher - Crypto.Hash._SHA256 
2020-05-03 14:57:22,163 [  63446]   WARN - .skeletons.PySkeletonRefresher - Crypto.Hash._SHA384 
2020-05-03 14:57:22,163 [  63446]   WARN - .skeletons.PySkeletonRefresher - Crypto.Hash._SHA512 
2020-05-03 14:57:22,163 [  63446]   WARN - .skeletons.PySkeletonRefresher - Crypto.PublicKey._fastmath 
2020-05-03 14:57:22,164 [  63447]   WARN - .skeletons.PySkeletonRefresher - Crypto.Util._counter 
2020-05-03 14:57:22,164 [  63447]   WARN - .skeletons.PySkeletonRefresher - Crypto.Util.strxor 
2020-05-03 14:57:22,164 [  63447]   WARN - .skeletons.PySkeletonRefresher - PIL._imaging 
2020-05-03 14:57:22,164 [  63447]   WARN - .skeletons.PySkeletonRefresher - PIL._imagingcms 
2020-05-03 14:57:22,164 [  63447]   WARN - .skeletons.PySkeletonRefresher - PIL._imagingft 
2020-05-03 14:57:22,164 [  63447]   WARN - .skeletons.PySkeletonRefresher - PIL._imagingmath 
2020-05-03 14:57:22,164 [  63447]   WARN - .skeletons.PySkeletonRefresher - PIL._imagingmorph 
2020-05-03 14:57:22,164 [  63447]   WARN - .skeletons.PySkeletonRefresher - PIL._webp 
2020-05-03 14:57:22,165 [  63448]   WARN - .skeletons.PySkeletonRefresher - _cffi_backend 
2020-05-03 14:57:22,165 [  63448]   WARN - .skeletons.PySkeletonRefresher - _dbus_bindings 
2020-05-03 14:57:22,165 [  63448]   WARN - .skeletons.PySkeletonRefresher - _dbus_glib_bindings 
2020-05-03 14:57:22,165 [  63448]   WARN - .skeletons.PySkeletonRefresher - _yaml 
2020-05-03 14:57:22,165 [  63448]   WARN - .skeletons.PySkeletonRefresher - apt_inst 
2020-05-03 14:57:22,165 [  63448]   WARN - .skeletons.PySkeletonRefresher - apt_pkg 
2020-05-03 14:57:22,165 [  63448]   WARN - .skeletons.PySkeletonRefresher - brlapi 
2020-05-03 14:57:22,165 [  63448]   WARN - .skeletons.PySkeletonRefresher - cairo._cairo 
2020-05-03 14:57:22,165 [  63448]   WARN - .skeletons.PySkeletonRefresher - cryptography.hazmat.bindings._constant_time 
2020-05-03 14:57:22,165 [  63448]   WARN - .skeletons.PySkeletonRefresher - cryptography.hazmat.bindings._openssl 
2020-05-03 14:57:22,165 [  63448]   WARN - .skeletons.PySkeletonRefresher - cryptography.hazmat.bindings._padding 
2020-05-03 14:57:22,165 [  63448]   WARN - .skeletons.PySkeletonRefresher - cups 
2020-05-03 14:57:22,166 [  63449]   WARN - .skeletons.PySkeletonRefresher - cupsext 
2020-05-03 14:57:22,166 [  63449]   WARN - .skeletons.PySkeletonRefresher - gi._gi 
2020-05-03 14:57:22,166 [  63449]   WARN - .skeletons.PySkeletonRefresher - gi._gi_cairo 
2020-05-03 14:57:22,166 [  63449]   WARN - .skeletons.PySkeletonRefresher - google.protobuf.internal._api_implementation 
2020-05-03 14:57:22,166 [  63449]   WARN - .skeletons.PySkeletonRefresher - google.protobuf.pyext._message 
2020-05-03 14:57:22,166 [  63449]   WARN - .skeletons.PySkeletonRefresher - hpmudext 
2020-05-03 14:57:22,166 [  63449]   WARN - .skeletons.PySkeletonRefresher - markupsafe._speedups 
2020-05-03 14:57:22,166 [  63449]   WARN - .skeletons.PySkeletonRefresher - nacl._sodium 
2020-05-03 14:57:22,166 [  63449]   WARN - .skeletons.PySkeletonRefresher - netifaces 
2020-05-03 14:57:22,166 [  63449]   WARN - .skeletons.PySkeletonRefresher - pcardext 
2020-05-03 14:57:22,166 [  63449]   WARN - .skeletons.PySkeletonRefresher - reportlab.graphics._renderPM 
2020-05-03 14:57:22,166 [  63449]   WARN - .skeletons.PySkeletonRefresher - reportlab.lib._rl_accel 
2020-05-03 14:57:22,166 [  63449]   WARN - .skeletons.PySkeletonRefresher - scanext 
2020-05-03 14:57:22,166 [  63449]   WARN - .skeletons.PySkeletonRefresher - simplejson._speedups 
2020-05-03 14:57:22,167 [  63450]   WARN - .skeletons.PySkeletonRefresher - systemd._daemon 
2020-05-03 14:57:22,167 [  63450]   WARN - .skeletons.PySkeletonRefresher - systemd._journal 
2020-05-03 14:57:22,167 [  63450]   WARN - .skeletons.PySkeletonRefresher - systemd._reader 
2020-05-03 14:57:22,167 [  63450]   WARN - .skeletons.PySkeletonRefresher - systemd.id128 
2020-05-03 14:57:22,167 [  63450]   WARN - .skeletons.PySkeletonRefresher - systemd.login 
2020-05-03 14:57:22,167 [  63450]   WARN - .skeletons.PySkeletonRefresher - zope.interface._zope_interface_coptimizations 
